
> @ominity/api-typescript@0.0.3 build
> tshy

src/funcs/admins/adminsGet.ts(125,9): error TS2322: Type 'string | undefined' is not assignable to type 'string'.
  Type 'undefined' is not assignable to type 'string'.
writing tsconfig files...
using existing tsconfig.json
building D:\Freelance\Tim - Money - Slave\ominity-api-typescript
tshy config {
  sourceDialects: [ '@ominity/api-typescript/source' ],
  exports: {
    '.': './src/index.ts',
    './package.json': './package.json',
    './types': './src/types/index.ts',
    './models/errors': './src/models/errors/index.ts',
    './models': './src/models/index.ts',
    './models/operations': './src/models/operations/index.ts',
    './*.js': './src/*.ts',
    './*': './src/*.ts'
  }
}
exports {
  '.': {
    import: {
      '@ominity/api-typescript/source': './src/index.ts',
      types: './dist/esm/index.d.ts',
      default: './dist/esm/index.js'
    },
    require: {
      types: './dist/commonjs/index.d.ts',
      default: './dist/commonjs/index.js'
    }
  },
  './package.json': './package.json',
  './types': {
    import: {
      '@ominity/api-typescript/source': './src/types/index.ts',
      types: './dist/esm/types/index.d.ts',
      default: './dist/esm/types/index.js'
    },
    require: {
      types: './dist/commonjs/types/index.d.ts',
      default: './dist/commonjs/types/index.js'
    }
  },
  './models/errors': {
    import: {
      '@ominity/api-typescript/source': './src/models/errors/index.ts',
      types: './dist/esm/models/errors/index.d.ts',
      default: './dist/esm/models/errors/index.js'
    },
    require: {
      types: './dist/commonjs/models/errors/index.d.ts',
      default: './dist/commonjs/models/errors/index.js'
    }
  },
  './models': {
    import: {
      '@ominity/api-typescript/source': './src/models/index.ts',
      types: './dist/esm/models/index.d.ts',
      default: './dist/esm/models/index.js'
    },
    require: {
      types: './dist/commonjs/models/index.d.ts',
      default: './dist/commonjs/models/index.js'
    }
  },
  './models/operations': {
    import: {
      '@ominity/api-typescript/source': './src/models/operations/index.ts',
      types: './dist/esm/models/operations/index.d.ts',
      default: './dist/esm/models/operations/index.js'
    },
    require: {
      types: './dist/commonjs/models/operations/index.d.ts',
      default: './dist/commonjs/models/operations/index.js'
    }
  },
  './*.js': {
    import: {
      '@ominity/api-typescript/source': './src/*.ts',
      types: './dist/esm/*.d.ts',
      default: './dist/esm/*.js'
    },
    require: {
      types: './dist/commonjs/*.d.ts',
      default: './dist/commonjs/*.js'
    }
  },
  './*': {
    import: {
      '@ominity/api-typescript/source': './src/*.ts',
      types: './dist/esm/*.d.ts',
      default: './dist/esm/*.js'
    },
    require: {
      types: './dist/commonjs/*.d.ts',
      default: './dist/commonjs/*.js'
    }
  }
}
set dialect { where: 'src', mode: 'esm' }
building esm
build failed
